<?xml version="1.0" encoding="UTF-8"?>
<!-- Generated by org.testng.reporters.JUnitXMLReporter -->
<testsuite hostname="DESKTOP-7D3TAMJ" ignored="0" name="API Next 001" tests="1" failures="1" timestamp="2020-09-21T16:30:05 BRT" time="1.227" errors="0">
  <testcase name="deveValidataBody" time="0.171" classname="test.CT0001">
    <failure type="groovy.lang.MissingMethodException" message="No signature of method: java.util.ArrayList.toSorted() is applicable for argument types: (io.restassured.internal.RequestSpecificationImpl$_applyPathParamsAndSendRequest_closure33) values: [io.restassured.internal.RequestSpecificationImpl$_applyPathParamsAndSendRequest_closure33@4c6daf0]
Possible solutions: toSet(), toString(), toString(), toString(), toString(), sort()">
      <![CDATA[groovy.lang.MissingMethodException: No signature of method: java.util.ArrayList.toSorted() is applicable for argument types: (io.restassured.internal.RequestSpecificationImpl$_applyPathParamsAndSendRequest_closure33) values: [io.restassured.internal.RequestSpecificationImpl$_applyPathParamsAndSendRequest_closure33@4c6daf0]
Possible solutions: toSet(), toString(), toString(), toString(), toString(), sort()
at org.codehaus.groovy.runtime.ScriptBytecodeAdapter.unwrap(ScriptBytecodeAdapter.java:55)
at org.codehaus.groovy.runtime.callsite.PojoMetaClassSite.call(PojoMetaClassSite.java:46)
at org.codehaus.groovy.runtime.callsite.CallSiteArray.defaultCall(CallSiteArray.java:45)
at org.codehaus.groovy.runtime.callsite.AbstractCallSite.call(AbstractCallSite.java:108)
at org.codehaus.groovy.runtime.callsite.AbstractCallSite.call(AbstractCallSite.java:116)
at io.restassured.internal.RequestSpecificationImpl.applyPathParamsAndSendRequest(RequestSpecificationImpl.groovy:1645)
at groovy.lang.MetaMethod.doMethodInvoke(MetaMethod.java:233)
at groovy.lang.MetaClassImpl.invokeMethod(MetaClassImpl.java:1074)
at groovy.lang.MetaClassImpl.invokeMethod(MetaClassImpl.java:904)
at groovy.lang.MetaClassImpl.invokeMethod(MetaClassImpl.java:725)
at io.restassured.internal.RequestSpecificationImpl.invokeMethod(RequestSpecificationImpl.groovy)
at org.codehaus.groovy.runtime.callsite.PogoInterceptableSite.call(PogoInterceptableSite.java:45)
at org.codehaus.groovy.runtime.callsite.PogoInterceptableSite.callCurrent(PogoInterceptableSite.java:55)
at org.codehaus.groovy.runtime.callsite.CallSiteArray.defaultCallCurrent(CallSiteArray.java:49)
at org.codehaus.groovy.runtime.callsite.AbstractCallSite.callCurrent(AbstractCallSite.java:133)
at org.codehaus.groovy.runtime.callsite.AbstractCallSite.callCurrent(AbstractCallSite.java:149)
at io.restassured.internal.RequestSpecificationImpl.applyPathParamsAndSendRequest(RequestSpecificationImpl.groovy:1661)
at groovy.lang.MetaMethod.doMethodInvoke(MetaMethod.java:233)
at groovy.lang.MetaClassImpl.invokeMethod(MetaClassImpl.java:1074)
at groovy.lang.MetaClassImpl.invokeMethod(MetaClassImpl.java:904)
at groovy.lang.MetaClassImpl.invokeMethod(MetaClassImpl.java:725)
at io.restassured.internal.RequestSpecificationImpl.invokeMethod(RequestSpecificationImpl.groovy)
at org.codehaus.groovy.runtime.callsite.PogoInterceptableSite.call(PogoInterceptableSite.java:45)
at org.codehaus.groovy.runtime.callsite.PogoInterceptableSite.callCurrent(PogoInterceptableSite.java:55)
at org.codehaus.groovy.runtime.callsite.CallSiteArray.defaultCallCurrent(CallSiteArray.java:49)
at org.codehaus.groovy.runtime.callsite.AbstractCallSite.callCurrent(AbstractCallSite.java:133)
at org.codehaus.groovy.runtime.callsite.AbstractCallSite.callCurrent(AbstractCallSite.java:149)
at io.restassured.internal.RequestSpecificationImpl.get(RequestSpecificationImpl.groovy:171)
at io.restassured.internal.RequestSpecificationImpl.get(RequestSpecificationImpl.groovy)
at com.edsoft.framework.base.api.RequisicaoBase.fazerRequisicao(RequisicaoBase.java:37)
at test.CT0001.deveValidataBody(CT0001.java:13)
at java.util.ArrayList.forEach(Unknown Source)
... Removed 37 stack frames]]>
    </failure>
  </testcase> <!-- deveValidataBody -->
</testsuite> <!-- API Next 001 -->
